2019-12-04 17:49:06 WARN  --- [restartedMain] com.rubypaper.LoggingRunner : WARN Log Msg 
2019-12-04 17:49:06 ERROR --- [restartedMain] com.rubypaper.LoggingRunner : ERROR Log Msg 
2019-12-04 17:50:13 WARN  --- [restartedMain] com.rubypaper.LoggingRunner : WARN Log Msg 
2019-12-04 17:50:13 ERROR --- [restartedMain] com.rubypaper.LoggingRunner : ERROR Log Msg 
2019-12-04 17:50:58 INFO  --- [restartedMain] com.rubypaper.Chapter03Application : Starting Chapter03Application on THOMASui-MacBookPro-2.local with PID 2095 (/Users/hdkim/Documents/workMain/ideaProjects/spring-boot-test/chapter03/target/classes started by hdkim in /Users/hdkim/Documents/workMain/ideaProjects/spring-boot-test/chapter03) 
2019-12-04 17:50:58 INFO  --- [restartedMain] com.rubypaper.Chapter03Application : The following profiles are active: local 
2019-12-04 17:50:59 INFO  --- [restartedMain] com.rubypaper.Chapter03Application : Started Chapter03Application in 1.223 seconds (JVM running for 1.805) 
2019-12-04 17:50:59 INFO  --- [restartedMain] com.rubypaper.LoggingRunner : INFO Log Msg 
2019-12-04 17:50:59 WARN  --- [restartedMain] com.rubypaper.LoggingRunner : WARN Log Msg 
2019-12-04 17:50:59 ERROR --- [restartedMain] com.rubypaper.LoggingRunner : ERROR Log Msg 
2019-12-04 17:51:17 INFO  --- [restartedMain] com.rubypaper.Chapter03Application : Starting Chapter03Application on THOMASui-MacBookPro-2.local with PID 2098 (/Users/hdkim/Documents/workMain/ideaProjects/spring-boot-test/chapter03/target/classes started by hdkim in /Users/hdkim/Documents/workMain/ideaProjects/spring-boot-test/chapter03) 
2019-12-04 17:51:17 INFO  --- [restartedMain] com.rubypaper.Chapter03Application : The following profiles are active: local 
2019-12-04 17:51:18 INFO  --- [restartedMain] com.rubypaper.Chapter03Application : Started Chapter03Application in 1.253 seconds (JVM running for 1.72) 
2019-12-04 17:51:18 INFO  --- [restartedMain] com.rubypaper.LoggingRunner : INFO Log Msg 
2019-12-04 17:51:18 WARN  --- [restartedMain] com.rubypaper.LoggingRunner : WARN Log Msg 
2019-12-04 17:51:18 ERROR --- [restartedMain] com.rubypaper.LoggingRunner : ERROR Log Msg 
2019-12-04 17:53:04 INFO  --- [restartedMain] com.rubypaper.Chapter03Application : Starting Chapter03Application on THOMASui-MacBookPro-2.local with PID 2105 (/Users/hdkim/Documents/workMain/ideaProjects/spring-boot-test/chapter03/target/classes started by hdkim in /Users/hdkim/Documents/workMain/ideaProjects/spring-boot-test/chapter03) 
2019-12-04 17:53:04 INFO  --- [restartedMain] com.rubypaper.Chapter03Application : The following profiles are active: local 
2019-12-04 17:53:05 INFO  --- [restartedMain] com.rubypaper.Chapter03Application : Started Chapter03Application in 1.281 seconds (JVM running for 1.892) 
2019-12-04 17:53:05 INFO  --- [restartedMain] com.rubypaper.LoggingRunner : INFO Log Msg 
2019-12-04 17:53:05 WARN  --- [restartedMain] com.rubypaper.LoggingRunner : WARN Log Msg 
2019-12-04 17:53:05 ERROR --- [restartedMain] com.rubypaper.LoggingRunner : ERROR Log Msg 
2019-12-04 17:53:24 WARN  --- [restartedMain] com.rubypaper.LoggingRunner : WARN Log Msg 
2019-12-04 17:53:24 ERROR --- [restartedMain] com.rubypaper.LoggingRunner : ERROR Log Msg 
2019-12-04 18:00:09 WARN  --- [restartedMain] com.rubypaper.LoggingRunner : WARN Log Msg 
2019-12-04 18:00:09 ERROR --- [restartedMain] com.rubypaper.LoggingRunner : ERROR Log Msg 
2019-12-04 18:00:32 INFO  --- [restartedMain] com.rubypaper.Chapter03Application : Starting Chapter03Application on THOMASui-MacBookPro-2.local with PID 2169 (/Users/hdkim/Documents/workMain/ideaProjects/spring-boot-test/chapter03/target/classes started by hdkim in /Users/hdkim/Documents/workMain/ideaProjects/spring-boot-test/chapter03) 
2019-12-04 18:00:32 INFO  --- [restartedMain] com.rubypaper.Chapter03Application : The following profiles are active: local 
2019-12-04 18:00:33 INFO  --- [restartedMain] com.rubypaper.Chapter03Application : Started Chapter03Application in 1.293 seconds (JVM running for 1.667) 
2019-12-04 18:00:33 INFO  --- [restartedMain] com.rubypaper.LoggingRunner : INFO Log Msg 
2019-12-04 18:00:33 WARN  --- [restartedMain] com.rubypaper.LoggingRunner : WARN Log Msg 
2019-12-04 18:00:33 ERROR --- [restartedMain] com.rubypaper.LoggingRunner : ERROR Log Msg 
2019-12-04 20:54:01 INFO  --- [restartedMain] com.rubypaper.Chapter03Application : Starting Chapter03Application on THOMASui-MacBookPro-2.local with PID 3293 (/Users/hdkim/Documents/workMain/ideaProjects/spring-boot-test/chapter03/target/classes started by hdkim in /Users/hdkim/Documents/workMain/ideaProjects/spring-boot-test/chapter03) 
2019-12-04 20:54:01 INFO  --- [restartedMain] com.rubypaper.Chapter03Application : The following profiles are active: local 
2019-12-04 20:54:02 INFO  --- [restartedMain] com.rubypaper.Chapter03Application : Started Chapter03Application in 1.114 seconds (JVM running for 1.455) 
2019-12-04 20:54:02 INFO  --- [restartedMain] com.rubypaper.LoggingRunner : INFO Log Msg 
2019-12-04 20:54:02 WARN  --- [restartedMain] com.rubypaper.LoggingRunner : WARN Log Msg 
2019-12-04 20:54:02 ERROR --- [restartedMain] com.rubypaper.LoggingRunner : ERROR Log Msg 
2019-12-04 20:54:15 INFO  --- [restartedMain] com.rubypaper.Chapter03Application : Starting Chapter03Application on THOMASui-MacBookPro-2.local with PID 3293 (/Users/hdkim/Documents/workMain/ideaProjects/spring-boot-test/chapter03/target/classes started by hdkim in /Users/hdkim/Documents/workMain/ideaProjects/spring-boot-test/chapter03) 
2019-12-04 20:54:15 INFO  --- [restartedMain] com.rubypaper.Chapter03Application : The following profiles are active: local 
2019-12-04 20:54:16 INFO  --- [restartedMain] com.rubypaper.Chapter03Application : Started Chapter03Application in 0.268 seconds (JVM running for 15.252) 
2019-12-04 20:54:16 INFO  --- [restartedMain] com.rubypaper.LoggingRunner : INFO Log Msg 
2019-12-04 20:54:16 WARN  --- [restartedMain] com.rubypaper.LoggingRunner : WARN Log Msg 
2019-12-04 20:54:16 ERROR --- [restartedMain] com.rubypaper.LoggingRunner : ERROR Log Msg 
